#
# A fatal error has been detected by the Java Runtime Environment:
#
#  Internal Error (t:/workspace/open/src/hotspot/share/utilities/constantTag.cpp:65), pid=34996, tid=9584
#  Error: ShouldNotReachHere()
#
# JRE version: Java(TM) SE Runtime Environment (11.0.1+13) (build 11.0.1+13-LTS)
# Java VM: Java HotSpot(TM) 64-Bit Server VM (11.0.1+13-LTS, mixed mode, tiered, compressed oops, g1 gc, windows-amd64)
# No core dump will be written. Minidumps are not enabled by default on client versions of Windows
#
# If you would like to submit a bug report, please visit:
#   http://bugreport.java.com/bugreport/crash.jsp
#

---------------  S U M M A R Y ------------

Command Line: -agentlib:jdwp=transport=dt_socket,suspend=y,address=localhost:57637 -ea -Dfile.encoding=Cp1252 org.testng.remote.RemoteTestNG -serport 57636 -protocol json -d C:\Users\Sudar\eclipse-workspace\FlightBooking\test-output C:\Users\Sudar\AppData\Local\Temp\testng-eclipse--393126837\testng-customsuite.xml

Host: Intel(R) Core(TM) i5-8250U CPU @ 1.60GHz, 8 cores, 7G,  Windows 10 , 64 bit Build 19041 (10.0.19041.804)
Time: Sun Mar 28 12:13:48 2021 India Standard Time elapsed time: 680 seconds (0d 0h 11m 20s)

---------------  T H R E A D  ---------------

Current thread (0x00000206e5321000):  VMThread "VM Thread" [stack: 0x00000052a3600000,0x00000052a3700000] [id=9584]

Stack: [0x00000052a3600000,0x00000052a3700000]
[error occurred during error reporting (printing stack bounds), id 0xc0000005, EXCEPTION_ACCESS_VIOLATION (0xc0000005) at pc=0x00000206cea90bad]

Native frames: (J=compiled Java code, j=interpreted, Vv=VM code, C=native code)
V  [jvm.dll+0x63c21a]
V  [jvm.dll+0x7797df]
V  [jvm.dll+0x77adca]
V  [jvm.dll+0x77b3e5]
V  [jvm.dll+0x77b39b]
V  [jvm.dll+0x63b916]
V  [jvm.dll+0x63bce8]
C  [ntdll.dll+0xa1f6f]
C  [ntdll.dll+0x51454]
C  [ntdll.dll+0xa0a9e]
C  0x00000206cea90bad

VM_Operation (0x00000052a3eff4b0): GetOrSetLocal, mode: safepoint, requested by thread 0x00000206e5e3b800


---------------  P R O C E S S  ---------------

Threads class SMR info:
_java_thread_list=0x00000206e7217810, length=18, elements={
0x00000206c675b800, 0x00000206e5323800, 0x00000206e534d800, 0x00000206e535f800,
0x00000206e5360800, 0x00000206e5364000, 0x00000206e5368000, 0x00000206e536d800,
0x00000206e5e3b800, 0x00000206e5e41000, 0x00000206e5e48000, 0x00000206e5e58800,
0x00000206e5e59800, 0x00000206e6079800, 0x00000206e7090800, 0x00000206e70d5800,
0x00000206e70d6800, 0x00000206e722e000
}

Java Threads: ( => current thread )
  0x00000206c675b800 JavaThread "main" [_thread_blocked, id=29516, stack(0x00000052a3000000,0x00000052a3100000)]
  0x00000206e5323800 JavaThread "Reference Handler" daemon [_thread_blocked, id=18212, stack(0x00000052a3700000,0x00000052a3800000)]
  0x00000206e534d800 JavaThread "Finalizer" daemon [_thread_blocked, id=29268, stack(0x00000052a3800000,0x00000052a3900000)]
  0x00000206e535f800 JavaThread "Signal Dispatcher" daemon [_thread_blocked, id=36772, stack(0x00000052a3900000,0x00000052a3a00000)]
  0x00000206e5360800 JavaThread "Attach Listener" daemon [_thread_blocked, id=24624, stack(0x00000052a3a00000,0x00000052a3b00000)]
  0x00000206e5364000 JavaThread "C2 CompilerThread0" daemon [_thread_blocked, id=10976, stack(0x00000052a3b00000,0x00000052a3c00000)]
  0x00000206e5368000 JavaThread "C1 CompilerThread0" daemon [_thread_blocked, id=28332, stack(0x00000052a3c00000,0x00000052a3d00000)]
  0x00000206e536d800 JavaThread "Sweeper thread" daemon [_thread_blocked, id=25036, stack(0x00000052a3d00000,0x00000052a3e00000)]
  0x00000206e5e3b800 JavaThread "JDWP Transport Listener: dt_socket" daemon [_thread_blocked, id=9480, stack(0x00000052a3e00000,0x00000052a3f00000)] _threads_hazard_ptr=0x00000206e7217810
  0x00000206e5e41000 JavaThread "JDWP Event Helper Thread" daemon [_thread_blocked, id=38880, stack(0x00000052a3f00000,0x00000052a4000000)]
  0x00000206e5e48000 JavaThread "JDWP Command Reader" daemon [_thread_in_native, id=35300, stack(0x00000052a4000000,0x00000052a4100000)]
  0x00000206e5e58800 JavaThread "Service Thread" daemon [_thread_blocked, id=31000, stack(0x00000052a4100000,0x00000052a4200000)]
  0x00000206e5e59800 JavaThread "Common-Cleaner" daemon [_thread_blocked, id=14524, stack(0x00000052a4300000,0x00000052a4400000)]
  0x00000206e6079800 JavaThread "ReaderThread" [_thread_in_native, id=40828, stack(0x00000052a4600000,0x00000052a4700000)]
  0x00000206e7090800 JavaThread "Exec Default Executor" daemon [_thread_in_native, id=39560, stack(0x00000052a4900000,0x00000052a4a00000)]
  0x00000206e70d5800 JavaThread "Exec Stream Pumper" daemon [_thread_in_native, id=38176, stack(0x00000052a4b00000,0x00000052a4c00000)]
  0x00000206e70d6800 JavaThread "Exec Stream Pumper" daemon [_thread_in_native, id=20592, stack(0x00000052a4c00000,0x00000052a4d00000)]
  0x00000206e722e000 JavaThread "Okio Watchdog" daemon [_thread_blocked, id=39916, stack(0x00000052a5000000,0x00000052a5100000)]

Other Threads:
=>0x00000206e5321000 VMThread "VM Thread" [stack: 0x00000052a3600000,0x00000052a3700000] [id=9584]
  0x00000206e5e5d000 WatcherThread [stack: 0x00000052a4200000,0x00000052a4300000] [id=31580]
  0x00000206c6771800 GCTaskThread "GC Thread#0" [stack: 0x00000052a3100000,0x00000052a3200000] [id=23732]
  0x00000206e7030000 GCTaskThread "GC Thread#1" [stack: 0x00000052a4400000,0x00000052a4500000] [id=14780]
  0x00000206e7030800 GCTaskThread "GC Thread#2" [stack: 0x00000052a4700000,0x00000052a4800000] [id=27792]
  0x00000206e6ff8000 GCTaskThread "GC Thread#3" [stack: 0x00000052a4800000,0x00000052a4900000] [id=23860]
  0x00000206c67a2000 ConcurrentGCThread "G1 Main Marker" [stack: 0x00000052a3200000,0x00000052a3300000] [id=18280]
  0x00000206c67a5000 ConcurrentGCThread "G1 Conc#0" [stack: 0x00000052a3300000,0x00000052a3400000] [id=18636]
  0x00000206e6feb000 ConcurrentGCThread "G1 Conc#1" [stack: 0x00000052a4e00000,0x00000052a4f00000] [id=22800]
  0x00000206e5190800 ConcurrentGCThread "G1 Refine#0" [stack: 0x00000052a3400000,0x00000052a3500000] [id=29036]
  0x00000206e5191800 ConcurrentGCThread "G1 Young RemSet Sampling" [stack: 0x00000052a3500000,0x00000052a3600000] [id=35996]

Threads with active compile tasks:

VM state:at safepoint (normal execution)

VM Mutex/Monitor currently owned by a thread:  ([mutex/lock_event])
[0x00000206c6758940] Threads_lock - owner thread: 0x00000206e5321000

Heap address: 0x0000000081800000, size: 2024 MB, Compressed Oops mode: 32-bit
Narrow klass base: 0x0000000000000000, Narrow klass shift: 3
Compressed class space size: 1073741824 Address: 0x0000000100000000

Heap:
 garbage-first heap   total 131072K, used 12832K [0x0000000081800000, 0x0000000100000000)
  region size 1024K, 9 young (9216K), 2 survivors (2048K)
 Metaspace       used 22468K, capacity 23018K, committed 23168K, reserved 1069056K
  class space    used 2464K, capacity 2672K, committed 2688K, reserved 1048576K
Heap Regions: E=young(eden), S=young(survivor), O=old, HS=humongous(starts), HC=humongous(continues), CS=collection set, F=free, A=archive, TAMS=top-at-mark-start (previous, next)
|   0|0x0000000081800000, 0x0000000081900000, 0x0000000081900000|100%|HS|  |TAMS 0x0000000081900000, 0x0000000081800000| Complete 
|   1|0x0000000081900000, 0x0000000081a00000, 0x0000000081a00000|100%| O|  |TAMS 0x0000000081a00000, 0x0000000081900000| Untracked 
|   2|0x0000000081a00000, 0x0000000081b00000, 0x0000000081b00000|100%| O|  |TAMS 0x0000000081b00000, 0x0000000081a00000| Untracked 
|   3|0x0000000081b00000, 0x0000000081c00000, 0x0000000081c00000|100%| O|  |TAMS 0x0000000081c00000, 0x0000000081b00000| Untracked 
|   4|0x0000000081c00000, 0x0000000081d00000, 0x0000000081d00000|100%| O|  |TAMS 0x0000000081d00000, 0x0000000081c00000| Untracked 
|   5|0x0000000081d00000, 0x0000000081e00000, 0x0000000081e00000|100%| O|  |TAMS 0x0000000081e00000, 0x0000000081d00000| Untracked 
|   6|0x0000000081e00000, 0x0000000081e40200, 0x0000000081f00000| 25%| O|  |TAMS 0x0000000081e40200, 0x0000000081e00000| Untracked 
|   7|0x0000000081f00000, 0x0000000081f00000, 0x0000000082000000|  0%| F|  |TAMS 0x0000000081f00000, 0x0000000081f00000| Untracked 
|   8|0x0000000082000000, 0x0000000082000000, 0x0000000082100000|  0%| F|  |TAMS 0x0000000082000000, 0x0000000082000000| Untracked 
|   9|0x0000000082100000, 0x0000000082100000, 0x0000000082200000|  0%| F|  |TAMS 0x0000000082100000, 0x0000000082100000| Untracked 
|  10|0x0000000082200000, 0x0000000082200000, 0x0000000082300000|  0%| F|  |TAMS 0x0000000082200000, 0x0000000082200000| Untracked 
|  11|0x0000000082300000, 0x0000000082300000, 0x0000000082400000|  0%| F|  |TAMS 0x0000000082300000, 0x0000000082300000| Untracked 
|  12|0x0000000082400000, 0x0000000082400000, 0x0000000082500000|  0%| F|  |TAMS 0x0000000082400000, 0x0000000082400000| Untracked 
|  13|0x0000000082500000, 0x0000000082500000, 0x0000000082600000|  0%| F|  |TAMS 0x0000000082500000, 0x0000000082500000| Untracked 
|  14|0x0000000082600000, 0x0000000082600000, 0x0000000082700000|  0%| F|  |TAMS 0x0000000082600000, 0x0000000082600000| Untracked 
|  15|0x0000000082700000, 0x0000000082700000, 0x0000000082800000|  0%| F|  |TAMS 0x0000000082700000, 0x0000000082700000| Untracked 
|  16|0x0000000082800000, 0x0000000082800000, 0x0000000082900000|  0%| F|  |TAMS 0x0000000082800000, 0x0000000082800000| Untracked 
|  17|0x0000000082900000, 0x0000000082900000, 0x0000000082a00000|  0%| F|  |TAMS 0x0000000082900000, 0x0000000082900000| Untracked 
|  18|0x0000000082a00000, 0x0000000082a00000, 0x0000000082b00000|  0%| F|  |TAMS 0x0000000082a00000, 0x0000000082a00000| Untracked 
|  19|0x0000000082b00000, 0x0000000082b00000, 0x0000000082c00000|  0%| F|  |TAMS 0x0000000082b00000, 0x0000000082b00000| Untracked 
|  20|0x0000000082c00000, 0x0000000082c00000, 0x0000000082d00000|  0%| F|  |TAMS 0x0000000082c00000, 0x0000000082c00000| Untracked 
|  21|0x0000000082d00000, 0x0000000082d00000, 0x0000000082e00000|  0%| F|  |TAMS 0x0000000082d00000, 0x0000000082d00000| Untracked 
|  22|0x0000000082e00000, 0x0000000082e00000, 0x0000000082f00000|  0%| F|  |TAMS 0x0000000082e00000, 0x0000000082e00000| Untracked 
|  23|0x0000000082f00000, 0x0000000082f00000, 0x0000000083000000|  0%| F|  |TAMS 0x0000000082f00000, 0x0000000082f00000| Untracked 
|  24|0x0000000083000000, 0x0000000083000000, 0x0000000083100000|  0%| F|  |TAMS 0x0000000083000000, 0x0000000083000000| Untracked 
|  25|0x0000000083100000, 0x0000000083100000, 0x0000000083200000|  0%| F|  |TAMS 0x0000000083100000, 0x0000000083100000| Untracked 
|  26|0x0000000083200000, 0x0000000083200000, 0x0000000083300000|  0%| F|  |TAMS 0x0000000083200000, 0x0000000083200000| Untracked 
|  27|0x0000000083300000, 0x0000000083300000, 0x0000000083400000|  0%| F|  |TAMS 0x0000000083300000, 0x0000000083300000| Untracked 
|  28|0x0000000083400000, 0x0000000083400000, 0x0000000083500000|  0%| F|  |TAMS 0x0000000083400000, 0x0000000083400000| Untracked 
|  29|0x0000000083500000, 0x0000000083500000, 0x0000000083600000|  0%| F|  |TAMS 0x0000000083500000, 0x0000000083500000| Untracked 
|  30|0x0000000083600000, 0x0000000083600000, 0x0000000083700000|  0%| F|  |TAMS 0x0000000083600000, 0x0000000083600000| Untracked 
|  31|0x0000000083700000, 0x0000000083700000, 0x0000000083800000|  0%| F|  |TAMS 0x0000000083700000, 0x0000000083700000| Untracked 
|  32|0x0000000083800000, 0x0000000083800000, 0x0000000083900000|  0%| F|  |TAMS 0x0000000083800000, 0x0000000083800000| Untracked 
|  33|0x0000000083900000, 0x0000000083900000, 0x0000000083a00000|  0%| F|  |TAMS 0x0000000083900000, 0x0000000083900000| Untracked 
|  34|0x0000000083a00000, 0x0000000083a00000, 0x0000000083b00000|  0%| F|  |TAMS 0x0000000083a00000, 0x0000000083a00000| Untracked 
|  35|0x0000000083b00000, 0x0000000083b00000, 0x0000000083c00000|  0%| F|  |TAMS 0x0000000083b00000, 0x0000000083b00000| Untracked 
|  36|0x0000000083c00000, 0x0000000083c00000, 0x0000000083d00000|  0%| F|  |TAMS 0x0000000083c00000, 0x0000000083c00000| Untracked 
|  37|0x0000000083d00000, 0x0000000083d00000, 0x0000000083e00000|  0%| F|  |TAMS 0x0000000083d00000, 0x0000000083d00000| Untracked 
|  38|0x0000000083e00000, 0x0000000083e00000, 0x0000000083f00000|  0%| F|  |TAMS 0x0000000083e00000, 0x0000000083e00000| Untracked 
|  39|0x0000000083f00000, 0x0000000083f00000, 0x0000000084000000|  0%| F|  |TAMS 0x0000000083f00000, 0x0000000083f00000| Untracked 
|  40|0x0000000084000000, 0x0000000084000000, 0x0000000084100000|  0%| F|  |TAMS 0x0000000084000000, 0x0000000084000000| Untracked 
|  41|0x0000000084100000, 0x0000000084100000, 0x0000000084200000|  0%| F|  |TAMS 0x0000000084100000, 0x0000000084100000| Untracked 
|  42|0x0000000084200000, 0x0000000084200000, 0x0000000084300000|  0%| F|  |TAMS 0x0000000084200000, 0x0000000084200000| Untracked 
|  43|0x0000000084300000, 0x0000000084300000, 0x0000000084400000|  0%| F|  |TAMS 0x0000000084300000, 0x0000000084300000| Untracked 
|  44|0x0000000084400000, 0x0000000084400000, 0x0000000084500000|  0%| F|  |TAMS 0x0000000084400000, 0x0000000084400000| Untracked 
|  45|0x0000000084500000, 0x0000000084500000, 0x0000000084600000|  0%| F|  |TAMS 0x0000000084500000, 0x0000000084500000| Untracked 
|  46|0x0000000084600000, 0x0000000084600000, 0x0000000084700000|  0%| F|  |TAMS 0x0000000084600000, 0x0000000084600000| Untracked 
|  47|0x0000000084700000, 0x0000000084700000, 0x0000000084800000|  0%| F|  |TAMS 0x0000000084700000, 0x0000000084700000| Untracked 
|  48|0x0000000084800000, 0x0000000084800000, 0x0000000084900000|  0%| F|  |TAMS 0x0000000084800000, 0x0000000084800000| Untracked 
|  49|0x0000000084900000, 0x0000000084900000, 0x0000000084a00000|  0%| F|  |TAMS 0x0000000084900000, 0x0000000084900000| Untracked 
|  50|0x0000000084a00000, 0x0000000084a00000, 0x0000000084b00000|  0%| F|  |TAMS 0x0000000084a00000, 0x0000000084a00000| Untracked 
|  51|0x0000000084b00000, 0x0000000084b00000, 0x0000000084c00000|  0%| F|  |TAMS 0x0000000084b00000, 0x0000000084b00000| Untracked 
|  52|0x0000000084c00000, 0x0000000084c00000, 0x0000000084d00000|  0%| F|  |TAMS 0x0000000084c00000, 0x0000000084c00000| Untracked 
|  53|0x0000000084d00000, 0x0000000084d00000, 0x0000000084e00000|  0%| F|  |TAMS 0x0000000084d00000, 0x0000000084d00000| Untracked 
|  54|0x0000000084e00000, 0x0000000084e00000, 0x0000000084f00000|  0%| F|  |TAMS 0x0000000084e00000, 0x0000000084e00000| Untracked 
|  55|0x0000000084f00000, 0x0000000084f00000, 0x0000000085000000|  0%| F|  |TAMS 0x0000000084f00000, 0x0000000084f00000| Untracked 
|  56|0x0000000085000000, 0x0000000085000000, 0x0000000085100000|  0%| F|  |TAMS 0x0000000085000000, 0x0000000085000000| Untracked 
|  57|0x0000000085100000, 0x0000000085100000, 0x0000000085200000|  0%| F|  |TAMS 0x0000000085100000, 0x0000000085100000| Untracked 
|  58|0x0000000085200000, 0x0000000085200000, 0x0000000085300000|  0%| F|  |TAMS 0x0000000085200000, 0x0000000085200000| Untracked 
|  59|0x0000000085300000, 0x0000000085300000, 0x0000000085400000|  0%| F|  |TAMS 0x0000000085300000, 0x0000000085300000| Untracked 
|  60|0x0000000085400000, 0x0000000085400000, 0x0000000085500000|  0%| F|  |TAMS 0x0000000085400000, 0x0000000085400000| Untracked 
|  61|0x0000000085500000, 0x0000000085500000, 0x0000000085600000|  0%| F|  |TAMS 0x0000000085500000, 0x0000000085500000| Untracked 
|  62|0x0000000085600000, 0x0000000085600000, 0x0000000085700000|  0%| F|  |TAMS 0x0000000085600000, 0x0000000085600000| Untracked 
|  63|0x0000000085700000, 0x0000000085700000, 0x0000000085800000|  0%| F|  |TAMS 0x0000000085700000, 0x0000000085700000| Untracked 
|  64|0x0000000085800000, 0x0000000085800000, 0x0000000085900000|  0%| F|  |TAMS 0x0000000085800000, 0x0000000085800000| Untracked 
|  65|0x0000000085900000, 0x0000000085900000, 0x0000000085a00000|  0%| F|  |TAMS 0x0000000085900000, 0x0000000085900000| Untracked 
|  66|0x0000000085a00000, 0x0000000085a00000, 0x0000000085b00000|  0%| F|  |TAMS 0x0000000085a00000, 0x0000000085a00000| Untracked 
|  67|0x0000000085b00000, 0x0000000085b00000, 0x0000000085c00000|  0%| F|  |TAMS 0x0000000085b00000, 0x0000000085b00000| Untracked 
|  68|0x0000000085c00000, 0x0000000085c00000, 0x0000000085d00000|  0%| F|  |TAMS 0x0000000085c00000, 0x0000000085c00000| Untracked 
|  69|0x0000000085d00000, 0x0000000085d00000, 0x0000000085e00000|  0%| F|  |TAMS 0x0000000085d00000, 0x0000000085d00000| Untracked 
|  70|0x0000000085e00000, 0x0000000085e00000, 0x0000000085f00000|  0%| F|  |TAMS 0x0000000085e00000, 0x0000000085e00000| Untracked 
|  71|0x0000000085f00000, 0x0000000085f00000, 0x0000000086000000|  0%| F|  |TAMS 0x0000000085f00000, 0x0000000085f00000| Untracked 
|  72|0x0000000086000000, 0x0000000086000000, 0x0000000086100000|  0%| F|  |TAMS 0x0000000086000000, 0x0000000086000000| Untracked 
|  73|0x0000000086100000, 0x0000000086100000, 0x0000000086200000|  0%| F|  |TAMS 0x0000000086100000, 0x0000000086100000| Untracked 
|  74|0x0000000086200000, 0x0000000086200000, 0x0000000086300000|  0%| F|  |TAMS 0x0000000086200000, 0x0000000086200000| Untracked 
|  75|0x0000000086300000, 0x0000000086300000, 0x0000000086400000|  0%| F|  |TAMS 0x0000000086300000, 0x0000000086300000| Untracked 
|  76|0x0000000086400000, 0x0000000086400000, 0x0000000086500000|  0%| F|  |TAMS 0x0000000086400000, 0x0000000086400000| Untracked 
|  77|0x0000000086500000, 0x0000000086500000, 0x0000000086600000|  0%| F|  |TAMS 0x0000000086500000, 0x0000000086500000| Untracked 
|  78|0x0000000086600000, 0x0000000086600000, 0x0000000086700000|  0%| F|  |TAMS 0x0000000086600000, 0x0000000086600000| Untracked 
|  79|0x0000000086700000, 0x0000000086700000, 0x0000000086800000|  0%| F|  |TAMS 0x0000000086700000, 0x0000000086700000| Untracked 
|  80|0x0000000086800000, 0x0000000086800000, 0x0000000086900000|  0%| F|  |TAMS 0x0000000086800000, 0x0000000086800000| Untracked 
|  81|0x0000000086900000, 0x0000000086900000, 0x0000000086a00000|  0%| F|  |TAMS 0x0000000086900000, 0x0000000086900000| Untracked 
|  82|0x0000000086a00000, 0x0000000086a00000, 0x0000000086b00000|  0%| F|  |TAMS 0x0000000086a00000, 0x0000000086a00000| Untracked 
|  83|0x0000000086b00000, 0x0000000086b00000, 0x0000000086c00000|  0%| F|  |TAMS 0x0000000086b00000, 0x0000000086b00000| Untracked 
|  84|0x0000000086c00000, 0x0000000086c00000, 0x0000000086d00000|  0%| F|  |TAMS 0x0000000086c00000, 0x0000000086c00000| Untracked 
|  85|0x0000000086d00000, 0x0000000086d00000, 0x0000000086e00000|  0%| F|  |TAMS 0x0000000086d00000, 0x0000000086d00000| Untracked 
|  86|0x0000000086e00000, 0x0000000086e00000, 0x0000000086f00000|  0%| F|  |TAMS 0x0000000086e00000, 0x0000000086e00000| Untracked 
|  87|0x0000000086f00000, 0x0000000086f00000, 0x0000000087000000|  0%| F|  |TAMS 0x0000000086f00000, 0x0000000086f00000| Untracked 
|  88|0x0000000087000000, 0x0000000087000000, 0x0000000087100000|  0%| F|  |TAMS 0x0000000087000000, 0x0000000087000000| Untracked 
|  89|0x0000000087100000, 0x0000000087100000, 0x0000000087200000|  0%| F|  |TAMS 0x0000000087100000, 0x0000000087100000| Untracked 
|  90|0x0000000087200000, 0x0000000087200000, 0x0000000087300000|  0%| F|  |TAMS 0x0000000087200000, 0x0000000087200000| Untracked 
|  91|0x0000000087300000, 0x0000000087300000, 0x0000000087400000|  0%| F|  |TAMS 0x0000000087300000, 0x0000000087300000| Untracked 
|  92|0x0000000087400000, 0x0000000087400000, 0x0000000087500000|  0%| F|  |TAMS 0x0000000087400000, 0x0000000087400000| Untracked 
|  93|0x0000000087500000, 0x0000000087500000, 0x0000000087600000|  0%| F|  |TAMS 0x0000000087500000, 0x0000000087500000| Untracked 
|  94|0x0000000087600000, 0x0000000087600000, 0x0000000087700000|  0%| F|  |TAMS 0x0000000087600000, 0x0000000087600000| Untracked 
|  95|0x0000000087700000, 0x0000000087700000, 0x0000000087800000|  0%| F|  |TAMS 0x0000000087700000, 0x0000000087700000| Untracked 
|  96|0x0000000087800000, 0x0000000087800000, 0x0000000087900000|  0%| F|  |TAMS 0x0000000087800000, 0x0000000087800000| Untracked 
|  97|0x0000000087900000, 0x0000000087900000, 0x0000000087a00000|  0%| F|  |TAMS 0x0000000087900000, 0x0000000087900000| Untracked 
|  98|0x0000000087a00000, 0x0000000087a00000, 0x0000000087b00000|  0%| F|  |TAMS 0x0000000087a00000, 0x0000000087a00000| Untracked 
|  99|0x0000000087b00000, 0x0000000087b00000, 0x0000000087c00000|  0%| F|  |TAMS 0x0000000087b00000, 0x0000000087b00000| Untracked 
| 100|0x0000000087c00000, 0x0000000087c00000, 0x0000000087d00000|  0%| F|  |TAMS 0x0000000087c00000, 0x0000000087c00000| Untracked 
| 101|0x0000000087d00000, 0x0000000087d00000, 0x0000000087e00000|  0%| F|  |TAMS 0x0000000087d00000, 0x0000000087d00000| Untracked 
| 102|0x0000000087e00000, 0x0000000087e00000, 0x0000000087f00000|  0%| F|  |TAMS 0x0000000087e00000, 0x0000000087e00000| Untracked 
| 103|0x0000000087f00000, 0x0000000087f00000, 0x0000000088000000|  0%| F|  |TAMS 0x0000000087f00000, 0x0000000087f00000| Untracked 
| 104|0x0000000088000000, 0x0000000088000000, 0x0000000088100000|  0%| F|  |TAMS 0x0000000088000000, 0x0000000088000000| Untracked 
| 105|0x0000000088100000, 0x0000000088100000, 0x0000000088200000|  0%| F|  |TAMS 0x0000000088100000, 0x0000000088100000| Untracked 
| 106|0x0000000088200000, 0x0000000088200000, 0x0000000088300000|  0%| F|  |TAMS 0x0000000088200000, 0x0000000088200000| Untracked 
| 107|0x0000000088300000, 0x0000000088300000, 0x0000000088400000|  0%| F|  |TAMS 0x0000000088300000, 0x0000000088300000| Untracked 
| 108|0x0000000088400000, 0x0000000088400000, 0x0000000088500000|  0%| F|  |TAMS 0x0000000088400000, 0x0000000088400000| Untracked 
| 109|0x0000000088500000, 0x0000000088500000, 0x0000000088600000|  0%| F|  |TAMS 0x0000000088500000, 0x0000000088500000| Untracked 
| 110|0x0000000088600000, 0x0000000088647ea0, 0x0000000088700000| 28%| S|CS|TAMS 0x0000000088600000, 0x0000000088600000| Complete 
| 111|0x0000000088700000, 0x0000000088800000, 0x0000000088800000|100%| S|CS|TAMS 0x0000000088700000, 0x0000000088700000| Complete 
| 112|0x0000000088800000, 0x0000000088800000, 0x0000000088900000|  0%| F|  |TAMS 0x0000000088800000, 0x0000000088800000| Untracked 
| 113|0x0000000088900000, 0x0000000088900000, 0x0000000088a00000|  0%| F|  |TAMS 0x0000000088900000, 0x0000000088900000| Untracked 
| 114|0x0000000088a00000, 0x0000000088a00000, 0x0000000088b00000|  0%| F|  |TAMS 0x0000000088a00000, 0x0000000088a00000| Untracked 
| 115|0x0000000088b00000, 0x0000000088b00000, 0x0000000088c00000|  0%| F|  |TAMS 0x0000000088b00000, 0x0000000088b00000| Untracked 
| 116|0x0000000088c00000, 0x0000000088c00000, 0x0000000088d00000|  0%| F|  |TAMS 0x0000000088c00000, 0x0000000088c00000| Untracked 
| 117|0x0000000088d00000, 0x0000000088d00000, 0x0000000088e00000|  0%| F|  |TAMS 0x0000000088d00000, 0x0000000088d00000| Untracked 
| 118|0x0000000088e00000, 0x0000000088e00000, 0x0000000088f00000|  0%| F|  |TAMS 0x0000000088e00000, 0x0000000088e00000| Untracked 
| 119|0x0000000088f00000, 0x0000000088f00000, 0x0000000089000000|  0%| F|  |TAMS 0x0000000088f00000, 0x0000000088f00000| Untracked 
| 120|0x0000000089000000, 0x0000000089000000, 0x0000000089100000|  0%| F|  |TAMS 0x0000000089000000, 0x0000000089000000| Untracked 
| 121|0x0000000089100000, 0x0000000089200000, 0x0000000089200000|100%| E|  |TAMS 0x0000000089100000, 0x0000000089100000| Complete 
| 122|0x0000000089200000, 0x0000000089300000, 0x0000000089300000|100%| E|CS|TAMS 0x0000000089200000, 0x0000000089200000| Complete 
| 123|0x0000000089300000, 0x0000000089400000, 0x0000000089400000|100%| E|CS|TAMS 0x0000000089300000, 0x0000000089300000| Complete 
| 124|0x0000000089400000, 0x0000000089500000, 0x0000000089500000|100%| E|CS|TAMS 0x0000000089400000, 0x0000000089400000| Complete 
| 125|0x0000000089500000, 0x0000000089600000, 0x0000000089600000|100%| E|CS|TAMS 0x0000000089500000, 0x0000000089500000| Complete 
| 126|0x0000000089600000, 0x0000000089700000, 0x0000000089700000|100%| E|CS|TAMS 0x0000000089600000, 0x0000000089600000| Complete 
| 127|0x0000000089700000, 0x0000000089800000, 0x0000000089800000|100%| E|  |TAMS 0x0000000089700000, 0x0000000089700000| Complete 

Card table byte_map: [0x00000206de1c0000,0x00000206de5c0000] _byte_map_base: 0x00000206dddb4000

Marking Bits (Prev, Next): (CMBitMap*) 0x00000206c6799760, (CMBitMap*) 0x00000206c6799728
 Prev Bits: [0x00000206e0960000, 0x00000206e2900000)
 Next Bits: [0x00000206de9c0000, 0x00000206e0960000)

Polling page: 0x00000206c46d0000

Metaspace:

Usage:
  Non-class:     19.87 MB capacity,    19.53 MB ( 98%) used,   282.85 KB (  1%) free+waste,    59.44 KB ( <1%) overhead. 
      Class:      2.61 MB capacity,     2.41 MB ( 92%) used,   179.32 KB (  7%) free+waste,    28.00 KB (  1%) overhead. 
       Both:     22.48 MB capacity,    21.94 MB ( 98%) used,   462.17 KB (  2%) free+waste,    87.44 KB ( <1%) overhead. 

Virtual space:
  Non-class space:       20.00 MB reserved,      20.00 MB (100%) committed 
      Class space:        1.00 GB reserved,       2.63 MB ( <1%) committed 
             Both:        1.02 GB reserved,      22.63 MB (  2%) committed 

Chunk freelists:
   Non-Class:  768 bytes
       Class:  2.00 KB
        Both:  2.75 KB

CodeHeap 'non-profiled nmethods': size=120000Kb used=639Kb max_used=639Kb free=119360Kb
 bounds [0x00000206d6560000, 0x00000206d67d0000, 0x00000206dda90000]
CodeHeap 'profiled nmethods': size=120000Kb used=3489Kb max_used=3489Kb free=116510Kb
 bounds [0x00000206cf030000, 0x00000206cf3a0000, 0x00000206d6560000]
CodeHeap 'non-nmethods': size=5760Kb used=1234Kb max_used=1246Kb free=4525Kb
 bounds [0x00000206cea90000, 0x00000206ced00000, 0x00000206cf030000]
 total_blobs=2598 nmethods=1738 adapters=402
 compilation: enabled
              stopped_count=0, restarted_count=0
 full_count=0

Compilation events (10 events):
Event: 3.775 Thread 0x00000206e5368000 nmethod 1740 0x00000206cf397510 code [0x00000206cf3976c0, 0x00000206cf397878]
Event: 3.776 Thread 0x00000206e5368000 1742       1       org.testng.shaded.com.google.gson.reflect.TypeToken::hashCode (5 bytes)
Event: 3.776 Thread 0x00000206e5368000 nmethod 1742 0x00000206d65ff190 code [0x00000206d65ff340, 0x00000206d65ff458]
Event: 3.776 Thread 0x00000206e5364000 nmethod 1739 0x00000206d65ff510 code [0x00000206d65ff6c0, 0x00000206d65ff828]
Event: 3.776 Thread 0x00000206e5364000 1741       4       sun.reflect.generics.parser.SignatureParser::advance (53 bytes)
Event: 3.776 Thread 0x00000206e5368000 1743       3       java.io.BufferedWriter::ensureOpen (18 bytes)
Event: 3.777 Thread 0x00000206e5368000 nmethod 1743 0x00000206cf397910 code [0x00000206cf397ae0, 0x00000206cf397d50]
Event: 3.777 Thread 0x00000206e5368000 1744       3       java.io.Writer::write (11 bytes)
Event: 3.777 Thread 0x00000206e5368000 nmethod 1744 0x00000206cf397e10 code [0x00000206cf397fe0, 0x00000206cf398330]
Event: 3.777 Thread 0x00000206e5364000 nmethod 1741 0x00000206d65ff990 code [0x00000206d65ffb20, 0x00000206d65ffc38]

GC Heap History (4 events):
Event: 1.139 GC heap before
{Heap before GC invocations=0 (full 0):
 garbage-first heap   total 131072K, used 25600K [0x0000000081800000, 0x0000000100000000)
  region size 1024K, 24 young (24576K), 0 survivors (0K)
 Metaspace       used 16162K, capacity 16376K, committed 16640K, reserved 1064960K
  class space    used 1647K, capacity 1752K, committed 1792K, reserved 1048576K
}
Event: 1.144 GC heap after
{Heap after GC invocations=1 (full 0):
 garbage-first heap   total 131072K, used 6584K [0x0000000081800000, 0x0000000100000000)
  region size 1024K, 3 young (3072K), 3 survivors (3072K)
 Metaspace       used 16162K, capacity 16376K, committed 16640K, reserved 1064960K
  class space    used 1647K, capacity 1752K, committed 1792K, reserved 1048576K
}
Event: 1.976 GC heap before
{Heap before GC invocations=1 (full 0):
 garbage-first heap   total 131072K, used 21944K [0x0000000081800000, 0x0000000100000000)
  region size 1024K, 19 young (19456K), 3 survivors (3072K)
 Metaspace       used 20610K, capacity 21096K, committed 21248K, reserved 1069056K
  class space    used 2256K, capacity 2459K, committed 2560K, reserved 1048576K
}
Event: 1.981 GC heap after
{Heap after GC invocations=2 (full 0):
 garbage-first heap   total 131072K, used 7712K [0x0000000081800000, 0x0000000100000000)
  region size 1024K, 2 young (2048K), 2 survivors (2048K)
 Metaspace       used 20610K, capacity 21096K, committed 21248K, reserved 1069056K
  class space    used 2256K, capacity 2459K, committed 2560K, reserved 1048576K
}

Deoptimization events (10 events):
Event: 1.086 Thread 0x00000206c675b800 Uncommon trap: reason=class_check action=maybe_recompile pc=0x00000206d65a077c method=java.util.HashMap.putVal(ILjava/lang/Object;Ljava/lang/Object;ZZ)Ljava/lang/Object; @ 203 c2
Event: 1.169 Thread 0x00000206c675b800 Uncommon trap: reason=unstable_if action=reinterpret pc=0x00000206d65be738 method=java.util.HashMap.putVal(ILjava/lang/Object;Ljava/lang/Object;ZZ)Ljava/lang/Object; @ 162 c2
Event: 1.230 Thread 0x00000206c675b800 Uncommon trap: reason=unstable_if action=reinterpret pc=0x00000206d65cb8c0 method=java.io.ByteArrayInputStream.read([BII)I @ 35 c2
Event: 1.233 Thread 0x00000206c675b800 Uncommon trap: reason=unstable_if action=reinterpret pc=0x00000206d65a1d5c method=java.lang.StringUTF16.compress([CI[BII)I @ 20 c2
Event: 1.267 Thread 0x00000206c675b800 Uncommon trap: reason=unstable_if action=reinterpret pc=0x00000206d65bbe2c method=java.lang.String.replace(CC)Ljava/lang/String; @ 2 c2
Event: 1.286 Thread 0x00000206e70dd000 Uncommon trap: reason=unstable_if action=reinterpret pc=0x00000206d65c0e84 method=java.lang.CharacterDataLatin1.digit(II)I @ 12 c2
Event: 1.821 Thread 0x00000206e70dd000 Uncommon trap: reason=unstable_if action=reinterpret pc=0x00000206d65bd4e0 method=java.lang.CharacterDataLatin1.digit(II)I @ 12 c2
Event: 1.932 Thread 0x00000206c675b800 Uncommon trap: reason=unstable_if action=reinterpret pc=0x00000206d65de834 method=java.util.regex.Pattern$BmpCharProperty.match(Ljava/util/regex/Matcher;ILjava/lang/CharSequence;)Z @ 5 c2
Event: 3.560 Thread 0x00000206c675b800 Uncommon trap: reason=unstable_if action=reinterpret pc=0x00000206d65dcb50 method=java.util.concurrent.ConcurrentHashMap.putVal(Ljava/lang/Object;Ljava/lang/Object;Z)Ljava/lang/Object; @ 256 c2
Event: 3.573 Thread 0x00000206c675b800 Uncommon trap: reason=unstable_if action=reinterpret pc=0x00000206d65f1658 method=jdk.internal.org.objectweb.asm.Item.isEqualTo(Ljdk/internal/org/objectweb/asm/Item;)Z @ 331 c2

Classes redefined (4 events):
Event: 483.327 Thread 0x00000206e5321000 redefined class name=com.flight.test.FlightBookingTest, count=1
Event: 631.821 Thread 0x00000206e5321000 redefined class name=com.flight.test.FlightBookingTest, count=2
Event: 655.875 Thread 0x00000206e5321000 redefined class name=com.flight.test.FlightBookingTest, count=3
Event: 680.611 Thread 0x00000206e5321000 redefined class name=com.flight.test.FlightBookingTest, count=4

Internal exceptions (10 events):
Event: 1.858 Thread 0x00000206c675b800 Exception <a 'java/lang/NoSuchMethodError'{0x0000000088f96200}: java.lang.invoke.DirectMethodHandle$Holder.invokeVirtual(Ljava/lang/Object;Ljava/lang/Object;)I> (0x0000000088f96200) thrown at [t:/workspace/open/src/hotspot/share/interpreter/linkResolver.c
Event: 1.859 Thread 0x00000206c675b800 Exception <a 'java/lang/NoSuchMethodError'{0x0000000088f9c000}: java.lang.invoke.DirectMethodHandle$Holder.invokeVirtual(Ljava/lang/Object;Ljava/lang/Object;)D> (0x0000000088f9c000) thrown at [t:/workspace/open/src/hotspot/share/interpreter/linkResolver.c
Event: 1.859 Thread 0x00000206c675b800 Exception <a 'java/lang/NoSuchMethodError'{0x0000000088fa1d90}: java.lang.invoke.DirectMethodHandle$Holder.invokeVirtual(Ljava/lang/Object;Ljava/lang/Object;)F> (0x0000000088fa1d90) thrown at [t:/workspace/open/src/hotspot/share/interpreter/linkResolver.c
Event: 1.860 Thread 0x00000206c675b800 Exception <a 'java/lang/NoSuchMethodError'{0x0000000088faa260}: java.lang.invoke.DirectMethodHandle$Holder.invokeVirtual(Ljava/lang/Object;Ljava/lang/Object;)J> (0x0000000088faa260) thrown at [t:/workspace/open/src/hotspot/share/interpreter/linkResolver.c
Event: 1.931 Thread 0x00000206c675b800 Exception <a 'java/lang/NoSuchMethodError'{0x0000000088b36c68}: java.lang.invoke.DirectMethodHandle$Holder.invokeStatic(Ljava/lang/Object;Ljava/lang/Object;Ljava/lang/Object;Ljava/lang/Object;Ljava/lang/Object;)V> (0x0000000088b36c68) thrown at [t:/worksp
Event: 2.005 Thread 0x00000206c675b800 Exception <a 'java/lang/NoSuchMethodError'{0x0000000089646960}: java.lang.invoke.DirectMethodHandle$Holder.invokeStatic(Ljava/lang/Object;Ljava/lang/Object;Ljava/lang/Object;Ljava/lang/Object;)V> (0x0000000089646960) thrown at [t:/workspace/open/src/hotsp
Event: 3.546 Thread 0x00000206c675b800 Exception <a 'java/lang/NoSuchMethodError'{0x0000000089434038}: java.lang.invoke.DirectMethodHandle$Holder.invokeSpecialIFC(Ljava/lang/Object;Ljava/lang/Object;Ljava/lang/Object;)Ljava/lang/Object;> (0x0000000089434038) thrown at [t:/workspace/open/src/ho
Event: 3.576 Thread 0x00000206c675b800 Exception <a 'java/lang/ClassNotFoundException'{0x0000000089320a88}: sun/util/logging/resources/spi/loggingProvider> (0x0000000089320a88) thrown at [t:/workspace/open/src/hotspot/share/classfile/systemDictionary.cpp, line 231]
Event: 3.603 Thread 0x00000206c675b800 Exception <a 'java/net/SocketTimeoutException'{0x00000000893f30d0}: Read timed out> (0x00000000893f30d0) thrown at [t:/workspace/open/src/hotspot/share/prims/jni.cpp, line 636]
Event: 3.620 Thread 0x00000206c675b800 Exception <a 'java/net/SocketTimeoutException'{0x000000008920d690}: Read timed out> (0x000000008920d690) thrown at [t:/workspace/open/src/hotspot/share/prims/jni.cpp, line 636]

Events (10 events):
Event: 680.666 Executing VM operation: GetStackTrace done
Event: 680.775 Executing VM operation: GetFrameCount
Event: 680.775 Executing VM operation: GetFrameCount done
Event: 680.775 Executing VM operation: GetOwnedMonitorInfo
Event: 680.775 Executing VM operation: GetOwnedMonitorInfo done
Event: 680.800 Executing VM operation: GetCurrentContendedMonitor
Event: 680.800 Executing VM operation: GetCurrentContendedMonitor done
Event: 680.812 Executing VM operation: GetFrameLocation
Event: 680.812 Executing VM operation: GetFrameLocation done
Event: 680.812 Executing VM operation: GetOrSetLocal


Dynamic libraries:
0x00007ff76e2f0000 - 0x00007ff76e337000 	C:\Program Files\Java\jdk-11.0.1\bin\javaw.exe
0x00007ffa1e1f0000 - 0x00007ffa1e3e5000 	C:\WINDOWS\SYSTEM32\ntdll.dll
0x00007ffa1c8c0000 - 0x00007ffa1c97d000 	C:\WINDOWS\System32\KERNEL32.DLL
0x00007ffa1bdd0000 - 0x00007ffa1c099000 	C:\WINDOWS\System32\KERNELBASE.dll
0x00007ffa1c810000 - 0x00007ffa1c8bc000 	C:\WINDOWS\System32\ADVAPI32.dll
0x00007ffa1d0e0000 - 0x00007ffa1d17e000 	C:\WINDOWS\System32\msvcrt.dll
0x00007ffa1cfc0000 - 0x00007ffa1d05c000 	C:\WINDOWS\System32\sechost.dll
0x00007ffa1d200000 - 0x00007ffa1d32b000 	C:\WINDOWS\System32\RPCRT4.dll
0x00007ffa1c980000 - 0x00007ffa1cb20000 	C:\WINDOWS\System32\USER32.dll
0x00007ffa1bca0000 - 0x00007ffa1bcc2000 	C:\WINDOWS\System32\win32u.dll
0x00007ffa1c250000 - 0x00007ffa1c27a000 	C:\WINDOWS\System32\GDI32.dll
0x00007ffa1c0a0000 - 0x00007ffa1c1ab000 	C:\WINDOWS\System32\gdi32full.dll
0x00007ffa1c1b0000 - 0x00007ffa1c24d000 	C:\WINDOWS\System32\msvcp_win.dll
0x00007ffa1bcd0000 - 0x00007ffa1bdd0000 	C:\WINDOWS\System32\ucrtbase.dll
0x00007ffa103d0000 - 0x00007ffa1066a000 	C:\WINDOWS\WinSxS\amd64_microsoft.windows.common-controls_6595b64144ccf1df_6.0.19041.844_none_ca00b6081b84eb1d\COMCTL32.dll
0x00007ffa14920000 - 0x00007ffa1492a000 	C:\WINDOWS\SYSTEM32\VERSION.dll
0x00007ffa1cf90000 - 0x00007ffa1cfc0000 	C:\WINDOWS\System32\IMM32.DLL
0x00007ffa11420000 - 0x00007ffa11436000 	C:\Program Files\Java\jdk-11.0.1\bin\vcruntime140.dll
0x00007ff9e95f0000 - 0x00007ff9e969a000 	C:\Program Files\Java\jdk-11.0.1\bin\msvcp140.dll
0x00007ffa010f0000 - 0x00007ffa01c32000 	C:\Program Files\Java\jdk-11.0.1\bin\server\jvm.dll
0x00007ffa1e070000 - 0x00007ffa1e078000 	C:\WINDOWS\System32\PSAPI.DLL
0x00007ffa0e6e0000 - 0x00007ffa0e6e9000 	C:\WINDOWS\SYSTEM32\WSOCK32.dll
0x00007ffa120b0000 - 0x00007ffa120d7000 	C:\WINDOWS\SYSTEM32\WINMM.dll
0x00007ffa1d180000 - 0x00007ffa1d1eb000 	C:\WINDOWS\System32\WS2_32.dll
0x00007ffa1a290000 - 0x00007ffa1a2a2000 	C:\WINDOWS\SYSTEM32\kernel.appcore.dll
0x00007ffa15200000 - 0x00007ffa15211000 	C:\Program Files\Java\jdk-11.0.1\bin\verify.dll
0x00007ffa19f10000 - 0x00007ffa1a0f4000 	C:\WINDOWS\SYSTEM32\DBGHELP.DLL
0x00007ffa13190000 - 0x00007ffa131bc000 	C:\WINDOWS\SYSTEM32\dbgcore.DLL
0x00007ffa1b930000 - 0x00007ffa1b9b0000 	C:\WINDOWS\System32\bcryptPrimitives.dll
0x00007ffa15120000 - 0x00007ffa15149000 	C:\Program Files\Java\jdk-11.0.1\bin\java.dll
0x00007ff9f3d10000 - 0x00007ff9f3d47000 	C:\Program Files\Java\jdk-11.0.1\bin\jdwp.dll
0x00007ffa14e10000 - 0x00007ffa14e26000 	C:\Program Files\Java\jdk-11.0.1\bin\zip.dll
0x00007ffa157c0000 - 0x00007ffa157ca000 	C:\Program Files\Java\jdk-11.0.1\bin\jimage.dll
0x00007ffa1d4b0000 - 0x00007ffa1dbf2000 	C:\WINDOWS\System32\SHELL32.dll
0x00007ffa19780000 - 0x00007ffa19f10000 	C:\WINDOWS\SYSTEM32\windows.storage.dll
0x00007ffa1c2e0000 - 0x00007ffa1c635000 	C:\WINDOWS\System32\combase.dll
0x00007ffa1b330000 - 0x00007ffa1b35c000 	C:\WINDOWS\SYSTEM32\Wldp.dll
0x00007ffa1dc00000 - 0x00007ffa1dcae000 	C:\WINDOWS\System32\SHCORE.dll
0x00007ffa1d450000 - 0x00007ffa1d4a5000 	C:\WINDOWS\System32\shlwapi.dll
0x00007ffa1b870000 - 0x00007ffa1b88f000 	C:\WINDOWS\SYSTEM32\profapi.dll
0x00007ffa14990000 - 0x00007ffa1499a000 	C:\Program Files\Java\jdk-11.0.1\bin\dt_socket.dll
0x00007ffa1b050000 - 0x00007ffa1b0ba000 	C:\WINDOWS\System32\mswsock.dll
0x00007ffa1ad80000 - 0x00007ffa1ae4b000 	C:\WINDOWS\SYSTEM32\DNSAPI.dll
0x00007ffa1ad40000 - 0x00007ffa1ad7b000 	C:\WINDOWS\SYSTEM32\IPHLPAPI.DLL
0x00007ffa1c640000 - 0x00007ffa1c648000 	C:\WINDOWS\System32\NSI.dll
0x00007ffa0fe40000 - 0x00007ffa0febf000 	C:\WINDOWS\System32\fwpuclnt.dll
0x00007ffa1b9b0000 - 0x00007ffa1b9d7000 	C:\WINDOWS\System32\bcrypt.dll
0x00007ffa0f780000 - 0x00007ffa0f78a000 	C:\Windows\System32\rasadhlp.dll
0x00007ffa149a0000 - 0x00007ffa149b9000 	C:\Program Files\Java\jdk-11.0.1\bin\net.dll
0x00007ffa0fd30000 - 0x00007ffa0fe3c000 	C:\WINDOWS\SYSTEM32\WINHTTP.dll
0x00007ffa035b0000 - 0x00007ffa035c3000 	C:\Program Files\Java\jdk-11.0.1\bin\nio.dll
0x00007ffa1b220000 - 0x00007ffa1b238000 	C:\WINDOWS\SYSTEM32\CRYPTSP.dll
0x00007ffa1a9f0000 - 0x00007ffa1aa24000 	C:\WINDOWS\system32\rsaenh.dll
0x00007ffa1b7f0000 - 0x00007ffa1b81e000 	C:\WINDOWS\SYSTEM32\USERENV.dll
0x00007ffa1b2a0000 - 0x00007ffa1b2ac000 	C:\WINDOWS\SYSTEM32\CRYPTBASE.dll
0x00007ffa15100000 - 0x00007ffa15117000 	C:\WINDOWS\SYSTEM32\dhcpcsvc6.DLL
0x00007ffa153c0000 - 0x00007ffa153dd000 	C:\WINDOWS\SYSTEM32\dhcpcsvc.DLL
0x00007ff9ea3a0000 - 0x00007ff9ea3c7000 	C:\Program Files\Java\jdk-11.0.1\bin\sunec.dll
0x00007ffa16750000 - 0x00007ffa1675d000 	C:\Program Files\Java\jdk-11.0.1\bin\sunmscapi.dll
0x00007ffa1ba90000 - 0x00007ffa1bbef000 	C:\WINDOWS\System32\CRYPT32.dll
0x00007ffa1b3a0000 - 0x00007ffa1b3c7000 	C:\WINDOWS\SYSTEM32\ncrypt.dll
0x00007ffa1b360000 - 0x00007ffa1b39b000 	C:\WINDOWS\SYSTEM32\NTASN1.dll

dbghelp: loaded successfully - version: 4.0.5 - missing functions: none
symbol engine: initialized successfully - sym options: 0x614 - pdb path: .;C:\Program Files\Java\jdk-11.0.1\bin;C:\WINDOWS\SYSTEM32;C:\WINDOWS\WinSxS\amd64_microsoft.windows.common-controls_6595b64144ccf1df_6.0.19041.844_none_ca00b6081b84eb1d;C:\Program Files\Java\jdk-11.0.1\bin\server

VM Arguments:
jvm_args: -agentlib:jdwp=transport=dt_socket,suspend=y,address=localhost:57637 -ea -Dfile.encoding=Cp1252 
java_command: org.testng.remote.RemoteTestNG -serport 57636 -protocol json -d C:\Users\Sudar\eclipse-workspace\FlightBooking\test-output C:\Users\Sudar\AppData\Local\Temp\testng-eclipse--393126837\testng-customsuite.xml
java_class_path (initial): C:\Users\Sudar\eclipse\java-photon\eclipse\configuration\org.eclipse.osgi\558\0\.cp\lib\testng-remote.jar;C:\Users\Sudar\eclipse-workspace\FlightBooking\target\test-classes;C:\Users\Sudar\eclipse-workspace\FlightBooking\target\classes;C:\Users\Sudar\.m2\repository\org\seleniumhq\selenium\selenium-java\3.141.59\selenium-java-3.141.59.jar;C:\Users\Sudar\.m2\repository\org\seleniumhq\selenium\selenium-api\3.141.59\selenium-api-3.141.59.jar;C:\Users\Sudar\.m2\repository\org\seleniumhq\selenium\selenium-chrome-driver\3.141.59\selenium-chrome-driver-3.141.59.jar;C:\Users\Sudar\.m2\repository\org\seleniumhq\selenium\selenium-edge-driver\3.141.59\selenium-edge-driver-3.141.59.jar;C:\Users\Sudar\.m2\repository\org\seleniumhq\selenium\selenium-firefox-driver\3.141.59\selenium-firefox-driver-3.141.59.jar;C:\Users\Sudar\.m2\repository\org\seleniumhq\selenium\selenium-ie-driver\3.141.59\selenium-ie-driver-3.141.59.jar;C:\Users\Sudar\.m2\repository\org\seleniumhq\selenium\selenium-opera-driver\3.141.59\selenium-opera-driver-3.141.59.jar;C:\Users\Sudar\.m2\repository\org\seleniumhq\selenium\selenium-remote-driver\3.141.59\selenium-remote-driver-3.141.59.jar;C:\Users\Sudar\.m2\repository\org\seleniumhq\selenium\selenium-safari-driver\3.141.59\selenium-safari-driver-3.141.59.jar;C:\Users\Sudar\.m2\repository\org\seleniumhq\selenium\selenium-support\3.141.59\selenium-support-3.141.59.jar;C:\Users\Sudar\.m2\repository\net\bytebuddy\byte-buddy\1.8.15\byte-buddy-1.8.15.jar;C:\Users\Sudar\.m2\repository\org\apache\commons\commons-exec\1.3\commons-exec-1.3.jar;C:\Users\Sudar\.m2\repository\com\google\guava\guava\25.0-jre\guava-25.0-jre.jar;C:\Users\Sudar\.m2\repository\com\google\code\findbugs\jsr305\1.3.9\jsr305-1.3.9.jar;C:\Users\Sudar\.m2\repository\org\checkerframework\checker-compat-qual\2.0.0\checker-compat-qual-2.0.0.jar;C:\Users\Sudar\.m2\repository\com\google\errorprone\error_prone_annotations\2.1.3\error_prone_annotations-2.1.3.jar;C:\Users\Sudar\.m2
Launcher Type: SUN_STANDARD

[Global flags]
     intx CICompilerCount                          = 4                                         {product} {ergonomic}
     uint ConcGCThreads                            = 2                                         {product} {ergonomic}
     uint G1ConcRefinementThreads                  = 8                                         {product} {ergonomic}
   size_t G1HeapRegionSize                         = 1048576                                   {product} {ergonomic}
    uintx GCDrainStackTargetSize                   = 64                                        {product} {ergonomic}
   size_t InitialHeapSize                          = 134217728                                 {product} {ergonomic}
   size_t MarkStackSize                            = 4194304                                   {product} {ergonomic}
   size_t MaxHeapSize                              = 2122317824                                {product} {ergonomic}
   size_t MaxNewSize                               = 1272971264                                {product} {ergonomic}
   size_t MinHeapDeltaBytes                        = 1048576                                   {product} {ergonomic}
    uintx NonNMethodCodeHeapSize                   = 5835340                                {pd product} {ergonomic}
    uintx NonProfiledCodeHeapSize                  = 122911450                              {pd product} {ergonomic}
    uintx ProfiledCodeHeapSize                     = 122911450                              {pd product} {ergonomic}
    uintx ReservedCodeCacheSize                    = 251658240                              {pd product} {ergonomic}
     bool SegmentedCodeCache                       = true                                      {product} {ergonomic}
     bool UseCompressedClassPointers               = true                                 {lp64_product} {ergonomic}
     bool UseCompressedOops                        = true                                 {lp64_product} {ergonomic}
     bool UseG1GC                                  = true                                      {product} {ergonomic}
     bool UseLargePagesIndividualAllocation        = false                                  {pd product} {ergonomic}

Logging:
Log output configuration:
 #0: stdout all=warning uptime,level,tags
 #1: stderr all=off uptime,level,tags

Environment Variables:
PATH=C:/Program Files/Java/jdk-11.0.1/bin/server;C:/Program Files/Java/jdk-11.0.1/bin;C:\Program Files (x86)\TRICENTIS\Tosca Testsuite\Classic;C:\Program Files (x86)\TRICENTIS\Tosca Testsuite\ToscaCommander;;C:\Program Files (x86)\TRICENTIS\Tosca Testsuite\Classic;C:\Program Files (x86)\TRICENTIS\Tosca Testsuite\Classic\dll;C:\Program Files (x86)\TRICENTIS\Tosca Testsuite\Classic\dll\GuptaEngine;C:\Program Files (x86)\TRICENTIS\Tosca Testsuite\ToscaCommander;C:\Program Files (x86)\TRICENTIS\Tosca Testsuite\Classic\dll\DelphiEngine;C:\Program Files (x86)\TRICENTIS\Tosca Testsuite\Classic\dll\PBEngine;C:\Program Files (x86)\TRICENTIS\Tosca Testsuite\Classic\dll\VBEngine;C:\Program Files (x86)\TRICENTIS\Tosca Testsuite\Classic\dll\DotNetHooking;;C:\Program Files (x86)\TRICENTIS\Tosca Testsuite\TBox\\Resources\Mobile\Tools;C:\Program Files (x86)\Intel\Intel(R) Management Engine Components\iCLS\;C:\Program Files\Intel\Intel(R) Management Engine Components\iCLS\;C:\WINDOWS\system32;C:\WINDOWS;C:\WINDOWS\System32\Wbem;C:\WINDOWS\System32\WindowsPowerShell\v1.0\;C:\Program Files (x86)\Intel\Intel(R) Management Engine Components\DAL;C:\Program Files\Intel\Intel(R) Management Engine Components\DAL;C:\Program Files (x86)\Intel\Intel(R) Management Engine Components\IPT;C:\Program Files\Intel\Intel(R) Management Engine Components\IPT;C:\WINDOWS\System32\OpenSSH\;C:\Program Files\Java\jdk-11.0.1\bin;C:\Program Files\nodejs\;C:\Program Files\Git\cmd;C:\Users\Sudar\AppData\Local\Microsoft\WindowsApps;C:\Users\Sudar\AppData\Local\atom\bin;C:\Users\Sudar\AppData\Local\Programs\Microsoft VS Code\bin;C:\Users\Sudar\AppData\Roaming\npm;C:\Users\Sudar\AppData\Local\hyper\app-3.0.2\resources\bin;C:\Program Files\heroku\bin;C:\Users\Sudar\AppData\Local\Microsoft\WindowsApps;;C:\WINDOWS\system32;
USERNAME=Sudar
OS=Windows_NT
PROCESSOR_IDENTIFIER=Intel64 Family 6 Model 142 Stepping 10, GenuineIntel



---------------  S Y S T E M  ---------------

OS: Windows 10 , 64 bit Build 19041 (10.0.19041.804)

CPU:total 8 (initial active 8) (4 cores per cpu, 2 threads per core) family 6 model 142 stepping 10, cmov, cx8, fxsr, mmx, sse, sse2, sse3, ssse3, sse4.1, sse4.2, popcnt, avx, avx2, aes, clmul, erms, 3dnowpref, lzcnt, ht, tsc, tscinvbit, bmi1, bmi2, adx, fma

Memory: 4k page, system-wide physical 8089M (1193M free)
TotalPageFile size 12992M (AvailPageFile size 2173M)
current process WorkingSet (physical memory assigned to process): 98M, peak: 102M
current process commit charge ("private bytes"): 233M, peak: 237M

vm_info: Java HotSpot(TM) 64-Bit Server VM (11.0.1+13-LTS) for windows-amd64 JRE (11.0.1+13-LTS), built on Oct  6 2018 13:20:16 by "mach5one" with MS VC++ 15.5 (VS2017)

END.
